{"/Users/lily/Documents/ts-taskmanager/index.ts": {"path":"/Users/lily/Documents/ts-taskmanager/index.ts","statementMap":{"0":{"start":{"line":8,"column":12},"end":{"line":8,"column":28}},"1":{"start":{"line":11,"column":8},"end":{"line":11,"column":30}},"2":{"start":{"line":15,"column":8},"end":{"line":15,"column":57}},"3":{"start":{"line":15,"column":44},"end":{"line":15,"column":55}},"4":{"start":{"line":19,"column":8},"end":{"line":23,"column":11}},"5":{"start":{"line":20,"column":12},"end":{"line":22,"column":13}},"6":{"start":{"line":21,"column":16},"end":{"line":21,"column":49}},"7":{"start":{"line":27,"column":8},"end":{"line":27,"column":26}},"8":{"start":{"line":31,"column":8},"end":{"line":31,"column":51}},"9":{"start":{"line":31,"column":38},"end":{"line":31,"column":49}},"10":{"start":{"line":35,"column":8},"end":{"line":35,"column":52}},"11":{"start":{"line":35,"column":38},"end":{"line":35,"column":50}},"12":{"start":{"line":39,"column":8},"end":{"line":39,"column":49}},"13":{"start":{"line":39,"column":36},"end":{"line":39,"column":47}},"14":{"start":{"line":43,"column":21},"end":{"line":43,"column":42}},"15":{"start":{"line":44,"column":8},"end":{"line":46,"column":9}},"16":{"start":{"line":45,"column":12},"end":{"line":45,"column":47}},"17":{"start":{"line":50,"column":8},"end":{"line":50,"column":58}},"18":{"start":{"line":50,"column":44},"end":{"line":50,"column":56}},"19":{"start":{"line":54,"column":8},"end":{"line":54,"column":33}},"20":{"start":{"line":7,"column":0},"end":{"line":7,"column":13}}},"fnMap":{"0":{"name":"(anonymous_0)","decl":{"start":{"line":7,"column":0},"end":{"line":7,"column":13}},"loc":{"start":{"line":7,"column":0},"end":{"line":56,"column":1}}},"1":{"name":"(anonymous_1)","decl":{"start":{"line":10,"column":4},"end":{"line":10,"column":11}},"loc":{"start":{"line":10,"column":19},"end":{"line":12,"column":5}}},"2":{"name":"(anonymous_2)","decl":{"start":{"line":14,"column":4},"end":{"line":14,"column":14}},"loc":{"start":{"line":14,"column":25},"end":{"line":16,"column":5}}},"3":{"name":"(anonymous_3)","decl":{"start":{"line":15,"column":39},"end":{"line":15,"column":40}},"loc":{"start":{"line":15,"column":44},"end":{"line":15,"column":55}}},"4":{"name":"(anonymous_4)","decl":{"start":{"line":18,"column":4},"end":{"line":18,"column":18}},"loc":{"start":{"line":18,"column":29},"end":{"line":24,"column":5}}},"5":{"name":"(anonymous_5)","decl":{"start":{"line":19,"column":27},"end":{"line":19,"column":31}},"loc":{"start":{"line":19,"column":34},"end":{"line":23,"column":9}}},"6":{"name":"(anonymous_6)","decl":{"start":{"line":26,"column":4},"end":{"line":26,"column":15}},"loc":{"start":{"line":26,"column":15},"end":{"line":28,"column":5}}},"7":{"name":"(anonymous_7)","decl":{"start":{"line":30,"column":4},"end":{"line":30,"column":21}},"loc":{"start":{"line":30,"column":21},"end":{"line":32,"column":5}}},"8":{"name":"(anonymous_8)","decl":{"start":{"line":31,"column":33},"end":{"line":31,"column":34}},"loc":{"start":{"line":31,"column":38},"end":{"line":31,"column":49}}},"9":{"name":"(anonymous_9)","decl":{"start":{"line":34,"column":4},"end":{"line":34,"column":19}},"loc":{"start":{"line":34,"column":19},"end":{"line":36,"column":5}}},"10":{"name":"(anonymous_10)","decl":{"start":{"line":35,"column":33},"end":{"line":35,"column":34}},"loc":{"start":{"line":35,"column":38},"end":{"line":35,"column":50}}},"11":{"name":"(anonymous_11)","decl":{"start":{"line":38,"column":4},"end":{"line":38,"column":16}},"loc":{"start":{"line":38,"column":27},"end":{"line":40,"column":5}}},"12":{"name":"(anonymous_12)","decl":{"start":{"line":39,"column":31},"end":{"line":39,"column":32}},"loc":{"start":{"line":39,"column":36},"end":{"line":39,"column":47}}},"13":{"name":"(anonymous_13)","decl":{"start":{"line":42,"column":4},"end":{"line":42,"column":14}},"loc":{"start":{"line":42,"column":52},"end":{"line":47,"column":5}}},"14":{"name":"(anonymous_14)","decl":{"start":{"line":49,"column":4},"end":{"line":49,"column":23}},"loc":{"start":{"line":49,"column":23},"end":{"line":51,"column":5}}},"15":{"name":"(anonymous_15)","decl":{"start":{"line":50,"column":39},"end":{"line":50,"column":40}},"loc":{"start":{"line":50,"column":44},"end":{"line":50,"column":56}}},"16":{"name":"(anonymous_16)","decl":{"start":{"line":53,"column":4},"end":{"line":53,"column":14}},"loc":{"start":{"line":53,"column":14},"end":{"line":55,"column":5}}}},"branchMap":{"0":{"loc":{"start":{"line":20,"column":12},"end":{"line":22,"column":13}},"type":"if","locations":[{"start":{"line":20,"column":12},"end":{"line":22,"column":13}},{"start":{},"end":{}}]},"1":{"loc":{"start":{"line":44,"column":8},"end":{"line":46,"column":9}},"type":"if","locations":[{"start":{"line":44,"column":8},"end":{"line":46,"column":9}},{"start":{},"end":{}}]}},"s":{"0":13,"1":20,"2":2,"3":1,"4":2,"5":2,"6":1,"7":7,"8":1,"9":2,"10":1,"11":2,"12":7,"13":9,"14":2,"15":2,"16":1,"17":1,"18":2,"19":1,"20":1},"f":{"0":13,"1":20,"2":2,"3":1,"4":2,"5":2,"6":7,"7":1,"8":2,"9":1,"10":2,"11":7,"12":9,"13":2,"14":1,"15":2,"16":1},"b":{"0":[1,1],"1":[1,1]}}
}
